/opt/ohpc/admin/lmod/lmod/init/bash: line 71: conda: command not found
/opt/ohpc/admin/lmod/lmod/init/bash: line 71: conda: command not found
--------------------------------
Loading NVIDIA HPC SDK 21.7 with CUDA / OpenMPI
You can copy or echo "$NV_EXAMPLE"
(ex: echo $NV_EXAMPLE; cp -r $NV_EXAMPLE /home/$USER)
--------------------------------

gn1214.twcc.ai
declare -x GPU_DEVICE_ORDINAL="0"
declare -x SLURM_JOB_GPUS="4"
 ** ANAL_EVERY: 1
 ** END_STEP: 20
 ** ANAL_EVERY: 1
 ** END_STEP: 20
 ** ANAL_EVERY: 1
 ** END_STEP: 20
 ** ANAL_EVERY: 1
 ** END_STEP: 20
[ Rank  3 ]  My coor:( 1 1 )  nbX:( 1 1 ) nbZ:( 2 2 )   Box: X ( 0 4 ) 40  Z ( 0 16 ) 160  V: 136 8
[ Rank  0 ]  My coor:( 0 0 )  nbX:( 2 2 ) nbZ:( 1 1 )   Box: X ( -4 0 ) 40  Z ( -16 0 ) 160  V: 136 8
[ Rank  1 ]  My coor:( 0 1 )  nbX:( 3 3 ) nbZ:( 0 0 )   Box: X ( -4 0 ) 40  Z ( 0 16 ) 160  V: 136 8
[ Rank  2 ]  My coor:( 1 0 )  nbX:( 0 0 ) nbZ:( 3 3 )   Box: X ( 0 4 ) 40  Z ( -16 0 ) 160  V: 136 8


OpenACC Enabled.
NuOsc2D with max OpenMP core: 4    GPU: 1

   Domain:  v: nv =   136  nphi =     8  on S2.
            x:(    -4.000000     4.000000 )  dx = 0.1
            z:(   -16.000000    16.000000 )  dz = 0.1
   Local size per field var = 0.01 GB, totol memory per rank roughly 0.37 GB
   dt = 0.05     CFL = 0.5
   Use Periodic boundary
   Use Gauss-Lobatto z-grid and uniform phi-grid.
   Use 3-th order KO dissipation, KO eps = 0.001
   Advection ON. (Center-FD)
   Vacuum term ON:  pmo= 0.1  theta= 0.645772.
   Setting mu = 1.000000
   Setting pmo = 0.000000
   Setting renorm = 0
   Init data: [Point-like pertur] alpha= 0.900000 eps= 0.1 sigma= 5 lnu_z= 0.6 0.53 lnu_x= 1.79769e+308 1.79769e+308
      init number density of nu_e: 0.999306 0.899376
T=        0.000000  |dP|max= 3.3307e-16 surb= 9.9931e-01 9.9931e-01 conP= 8.0083e-17 8.1542e-17 |M0|= 4.9969e-02 ELNe= 3.65047e-05 Lex= 0.0499306
T=        0.050000  |dP|max= 1.5504e-10 surb= 9.9931e-01 9.9931e-01 conP= 2.0689e-12 2.1893e-12 |M0|= 4.9969e-02 ELNe= 3.65047e-05 Lex= 0.0499306
T=        0.100000  |dP|max= 3.0107e-10 surb= 9.9931e-01 9.9931e-01 conP= 4.0176e-12 4.2480e-12 |M0|= 4.9969e-02 ELNe= 3.65047e-05 Lex= 0.0499306
T=        0.150000  |dP|max= 3.2679e-10 surb= 9.9931e-01 9.9931e-01 conP= 6.1081e-12 6.4689e-12 |M0|= 4.9969e-02 ELNe= 3.65047e-05 Lex= 0.0499306
T=        0.200000  |dP|max= 5.5166e-10 surb= 9.9931e-01 9.9931e-01 conP= 8.4658e-12 8.9815e-12 |M0|= 4.9969e-02 ELNe= 3.65047e-05 Lex= 0.0499306
T=        0.250000  |dP|max= 7.5331e-10 surb= 9.9931e-01 9.9931e-01 conP= 1.0960e-11 1.1644e-11 |M0|= 4.9969e-02 ELNe= 3.65047e-05 Lex= 0.0499306
T=        0.300000  |dP|max= 8.0368e-10 surb= 9.9931e-01 9.9931e-01 conP= 1.3639e-11 1.4501e-11 |M0|= 4.9969e-02 ELNe= 3.65047e-05 Lex= 0.0499306
T=        0.350000  |dP|max= 8.7209e-10 surb= 9.9931e-01 9.9931e-01 conP= 1.6448e-11 1.7510e-11 |M0|= 4.9969e-02 ELNe= 3.65047e-05 Lex= 0.0499306
T=        0.400000  |dP|max= 1.0234e-09 surb= 9.9931e-01 9.9931e-01 conP= 1.9442e-11 2.0699e-11 |M0|= 4.9969e-02 ELNe= 3.65047e-05 Lex= 0.0499306
T=        0.450000  |dP|max= 1.0786e-09 surb= 9.9931e-01 9.9931e-01 conP= 2.2730e-11 2.4222e-11 |M0|= 4.9969e-02 ELNe= 3.65047e-05 Lex= 0.0499306
T=        0.500000  |dP|max= 1.1325e-09 surb= 9.9931e-01 9.9931e-01 conP= 2.5875e-11 2.7592e-11 |M0|= 4.9969e-02 ELNe= 3.65047e-05 Lex= 0.0499306
10 Walltime:  0.352 secs/T, 29.87 ns per step-grid.
T=        0.550000  |dP|max= 1.2919e-09 surb= 9.9931e-01 9.9931e-01 conP= 2.9440e-11 3.1407e-11 |M0|= 4.9969e-02 ELNe= 3.65047e-05 Lex= 0.0499306
T=        0.600000  |dP|max= 1.3591e-09 surb= 9.9931e-01 9.9931e-01 conP= 3.3148e-11 3.5375e-11 |M0|= 4.9969e-02 ELNe= 3.65047e-05 Lex= 0.0499306
T=        0.650000  |dP|max= 1.4307e-09 surb= 9.9931e-01 9.9931e-01 conP= 3.6948e-11 3.9459e-11 |M0|= 4.9969e-02 ELNe= 3.65047e-05 Lex= 0.0499306
T=        0.700000  |dP|max= 1.5482e-09 surb= 9.9931e-01 9.9931e-01 conP= 4.0815e-11 4.3631e-11 |M0|= 4.9969e-02 ELNe= 3.65047e-05 Lex= 0.0499306
T=        0.750000  |dP|max= 1.6518e-09 surb= 9.9931e-01 9.9931e-01 conP= 4.4995e-11 4.8076e-11 |M0|= 4.9969e-02 ELNe= 3.65047e-05 Lex= 0.0499306
T=        0.800000  |dP|max= 1.7441e-09 surb= 9.9931e-01 9.9931e-01 conP= 4.9984e-11 5.3433e-11 |M0|= 4.9969e-02 ELNe= 3.65047e-05 Lex= 0.0499306
T=        0.850000  |dP|max= 1.8188e-09 surb= 9.9931e-01 9.9931e-01 conP= 5.4012e-11 5.7751e-11 |M0|= 4.9969e-02 ELNe= 3.65047e-05 Lex= 0.0499306
T=        0.900000  |dP|max= 1.9440e-09 surb= 9.9931e-01 9.9931e-01 conP= 5.8530e-11 6.2611e-11 |M0|= 4.9969e-02 ELNe= 3.65047e-05 Lex= 0.0499306
T=        0.950000  |dP|max= 2.0899e-09 surb= 9.9931e-01 9.9931e-01 conP= 6.4242e-11 6.8789e-11 |M0|= 4.9969e-02 ELNe= 3.65047e-05 Lex= 0.0499306
T=        1.000000  |dP|max= 2.1526e-09 surb= 9.9931e-01 9.9931e-01 conP= 6.8796e-11 7.3639e-11 |M0|= 4.9969e-02 ELNe= 3.65047e-05 Lex= 0.0499306
20 Walltime:  0.465 secs/T, 29.61 ns per step-grid.
Completed.
Memory usage (MB): 717.06
[Summ] 4 80 320 136 29.610176
 ** ANAL_EVERY: 1
 ** END_STEP: 20
 ** ANAL_EVERY: 1
 ** END_STEP: 20
[ Rank  0 ]  My coor:( 0 0 )  nbX:( 1 1 ) nbZ:( 0 0 )   Box: X ( -4 0 ) 40  Z ( -16 16 ) 320  V: 136 8
[ Rank  1 ]  My coor:( 1 0 )  nbX:( 0 0 ) nbZ:( 1 1 )   Box: X ( 0 4 ) 40  Z ( -16 16 ) 320  V: 136 8


OpenACC Enabled.
NuOsc2D with max OpenMP core: 4    GPU: 1

   Domain:  v: nv =   136  nphi =     8  on S2.
            x:(    -4.000000     4.000000 )  dx = 0.1
            z:(   -16.000000    16.000000 )  dz = 0.1
   Local size per field var = 0.01 GB, totol memory per rank roughly 0.72 GB
   dt = 0.05     CFL = 0.5
   Use Periodic boundary
   Use Gauss-Lobatto z-grid and uniform phi-grid.
   Use 3-th order KO dissipation, KO eps = 0.001
   Advection ON. (Center-FD)
   Vacuum term ON:  pmo= 0.1  theta= 0.645772.
   Setting mu = 1.000000
   Setting pmo = 0.000000
   Setting renorm = 0
   Init data: [Point-like pertur] alpha= 0.900000 eps= 0.1 sigma= 5 lnu_z= 0.6 0.53 lnu_x= 1.79769e+308 1.79769e+308
      init number density of nu_e: 0.999306 0.899376
T=        0.000000  |dP|max= 3.3307e-16 surb= 9.9931e-01 9.9931e-01 conP= 7.9794e-17 8.1192e-17 |M0|= 4.9969e-02 ELNe= 3.65047e-05 Lex= 0.0499306
T=        0.050000  |dP|max= 1.5504e-10 surb= 9.9931e-01 9.9931e-01 conP= 2.0689e-12 2.1893e-12 |M0|= 4.9969e-02 ELNe= 3.65047e-05 Lex= 0.0499306
T=        0.100000  |dP|max= 3.0107e-10 surb= 9.9931e-01 9.9931e-01 conP= 4.0176e-12 4.2480e-12 |M0|= 4.9969e-02 ELNe= 3.65047e-05 Lex= 0.0499306
T=        0.150000  |dP|max= 3.2679e-10 surb= 9.9931e-01 9.9931e-01 conP= 6.1081e-12 6.4689e-12 |M0|= 4.9969e-02 ELNe= 3.65047e-05 Lex= 0.0499306
T=        0.200000  |dP|max= 5.5166e-10 surb= 9.9931e-01 9.9931e-01 conP= 8.4658e-12 8.9815e-12 |M0|= 4.9969e-02 ELNe= 3.65047e-05 Lex= 0.0499306
T=        0.250000  |dP|max= 7.5331e-10 surb= 9.9931e-01 9.9931e-01 conP= 1.0960e-11 1.1644e-11 |M0|= 4.9969e-02 ELNe= 3.65047e-05 Lex= 0.0499306
T=        0.300000  |dP|max= 8.0368e-10 surb= 9.9931e-01 9.9931e-01 conP= 1.3639e-11 1.4501e-11 |M0|= 4.9969e-02 ELNe= 3.65047e-05 Lex= 0.0499306
T=        0.350000  |dP|max= 8.7209e-10 surb= 9.9931e-01 9.9931e-01 conP= 1.6448e-11 1.7510e-11 |M0|= 4.9969e-02 ELNe= 3.65047e-05 Lex= 0.0499306
T=        0.400000  |dP|max= 1.0234e-09 surb= 9.9931e-01 9.9931e-01 conP= 1.9442e-11 2.0699e-11 |M0|= 4.9969e-02 ELNe= 3.65047e-05 Lex= 0.0499306
T=        0.450000  |dP|max= 1.0786e-09 surb= 9.9931e-01 9.9931e-01 conP= 2.2730e-11 2.4222e-11 |M0|= 4.9969e-02 ELNe= 3.65047e-05 Lex= 0.0499306
T=        0.500000  |dP|max= 1.1325e-09 surb= 9.9931e-01 9.9931e-01 conP= 2.5875e-11 2.7592e-11 |M0|= 4.9969e-02 ELNe= 3.65047e-05 Lex= 0.0499306
10 Walltime:  0.609 secs/T, 26.18 ns per step-grid.
T=        0.550000  |dP|max= 1.2919e-09 surb= 9.9931e-01 9.9931e-01 conP= 2.9440e-11 3.1407e-11 |M0|= 4.9969e-02 ELNe= 3.65047e-05 Lex= 0.0499306
T=        0.600000  |dP|max= 1.3591e-09 surb= 9.9931e-01 9.9931e-01 conP= 3.3148e-11 3.5375e-11 |M0|= 4.9969e-02 ELNe= 3.65047e-05 Lex= 0.0499306
T=        0.650000  |dP|max= 1.4307e-09 surb= 9.9931e-01 9.9931e-01 conP= 3.6948e-11 3.9459e-11 |M0|= 4.9969e-02 ELNe= 3.65047e-05 Lex= 0.0499306
T=        0.700000  |dP|max= 1.5482e-09 surb= 9.9931e-01 9.9931e-01 conP= 4.0815e-11 4.3631e-11 |M0|= 4.9969e-02 ELNe= 3.65047e-05 Lex= 0.0499306
T=        0.750000  |dP|max= 1.6518e-09 surb= 9.9931e-01 9.9931e-01 conP= 4.4995e-11 4.8076e-11 |M0|= 4.9969e-02 ELNe= 3.65047e-05 Lex= 0.0499306
T=        0.800000  |dP|max= 1.7441e-09 surb= 9.9931e-01 9.9931e-01 conP= 4.9984e-11 5.3433e-11 |M0|= 4.9969e-02 ELNe= 3.65047e-05 Lex= 0.0499306
T=        0.850000  |dP|max= 1.8188e-09 surb= 9.9931e-01 9.9931e-01 conP= 5.4012e-11 5.7751e-11 |M0|= 4.9969e-02 ELNe= 3.65047e-05 Lex= 0.0499306
T=        0.900000  |dP|max= 1.9440e-09 surb= 9.9931e-01 9.9931e-01 conP= 5.8530e-11 6.2611e-11 |M0|= 4.9969e-02 ELNe= 3.65047e-05 Lex= 0.0499306
T=        0.950000  |dP|max= 2.0899e-09 surb= 9.9931e-01 9.9931e-01 conP= 6.4242e-11 6.8789e-11 |M0|= 4.9969e-02 ELNe= 3.65047e-05 Lex= 0.0499306
T=        1.000000  |dP|max= 2.1526e-09 surb= 9.9931e-01 9.9931e-01 conP= 6.8796e-11 7.3639e-11 |M0|= 4.9969e-02 ELNe= 3.65047e-05 Lex= 0.0499306
20 Walltime:  0.812 secs/T, 26.17 ns per step-grid.
Completed.
Memory usage (MB): 1031.68
[Summ] 4 80 320 136 26.165659
 ** ANAL_EVERY: 1
 ** END_STEP: 20
 ** ANAL_EVERY: 1
 ** END_STEP: 20
[ Rank  0 ]  My coor:( 0 0 )  nbX:( 0 0 ) nbZ:( 1 1 )   Box: X ( -4 4 ) 80  Z ( -16 0 ) 160  V: 136 8
[ Rank  1 ]  My coor:( 0 1 )  nbX:( 1 1 ) nbZ:( 0 0 )   Box: X ( -4 4 ) 80  Z ( 0 16 ) 160  V: 136 8


OpenACC Enabled.
NuOsc2D with max OpenMP core: 4    GPU: 1

   Domain:  v: nv =   136  nphi =     8  on S2.
            x:(    -4.000000     4.000000 )  dx = 0.1
            z:(   -16.000000    16.000000 )  dz = 0.1
   Local size per field var = 0.01 GB, totol memory per rank roughly 0.70 GB
   dt = 0.05     CFL = 0.5
   Use Periodic boundary
   Use Gauss-Lobatto z-grid and uniform phi-grid.
   Use 3-th order KO dissipation, KO eps = 0.001
   Advection ON. (Center-FD)
   Vacuum term ON:  pmo= 0.1  theta= 0.645772.
   Setting mu = 1.000000
   Setting pmo = 0.000000
   Setting renorm = 0
   Init data: [Point-like pertur] alpha= 0.900000 eps= 0.1 sigma= 5 lnu_z= 0.6 0.53 lnu_x= 1.79769e+308 1.79769e+308
      init number density of nu_e: 0.999306 0.899376
T=        0.000000  |dP|max= 3.3307e-16 surb= 9.9931e-01 9.9931e-01 conP= 8.0083e-17 8.1542e-17 |M0|= 4.9969e-02 ELNe= 3.65047e-05 Lex= 0.0499306
T=        0.050000  |dP|max= 1.5504e-10 surb= 9.9931e-01 9.9931e-01 conP= 2.0689e-12 2.1893e-12 |M0|= 4.9969e-02 ELNe= 3.65047e-05 Lex= 0.0499306
T=        0.100000  |dP|max= 3.0107e-10 surb= 9.9931e-01 9.9931e-01 conP= 4.0176e-12 4.2480e-12 |M0|= 4.9969e-02 ELNe= 3.65047e-05 Lex= 0.0499306
T=        0.150000  |dP|max= 3.2679e-10 surb= 9.9931e-01 9.9931e-01 conP= 6.1081e-12 6.4689e-12 |M0|= 4.9969e-02 ELNe= 3.65047e-05 Lex= 0.0499306
T=        0.200000  |dP|max= 5.5166e-10 surb= 9.9931e-01 9.9931e-01 conP= 8.4658e-12 8.9815e-12 |M0|= 4.9969e-02 ELNe= 3.65047e-05 Lex= 0.0499306
T=        0.250000  |dP|max= 7.5331e-10 surb= 9.9931e-01 9.9931e-01 conP= 1.0960e-11 1.1644e-11 |M0|= 4.9969e-02 ELNe= 3.65047e-05 Lex= 0.0499306
T=        0.300000  |dP|max= 8.0368e-10 surb= 9.9931e-01 9.9931e-01 conP= 1.3639e-11 1.4501e-11 |M0|= 4.9969e-02 ELNe= 3.65047e-05 Lex= 0.0499306
T=        0.350000  |dP|max= 8.7209e-10 surb= 9.9931e-01 9.9931e-01 conP= 1.6448e-11 1.7510e-11 |M0|= 4.9969e-02 ELNe= 3.65047e-05 Lex= 0.0499306
T=        0.400000  |dP|max= 1.0234e-09 surb= 9.9931e-01 9.9931e-01 conP= 1.9442e-11 2.0699e-11 |M0|= 4.9969e-02 ELNe= 3.65047e-05 Lex= 0.0499306
T=        0.450000  |dP|max= 1.0786e-09 surb= 9.9931e-01 9.9931e-01 conP= 2.2730e-11 2.4222e-11 |M0|= 4.9969e-02 ELNe= 3.65047e-05 Lex= 0.0499306
T=        0.500000  |dP|max= 1.1325e-09 surb= 9.9931e-01 9.9931e-01 conP= 2.5875e-11 2.7592e-11 |M0|= 4.9969e-02 ELNe= 3.65047e-05 Lex= 0.0499306
10 Walltime:  0.479 secs/T, 21.31 ns per step-grid.
T=        0.550000  |dP|max= 1.2919e-09 surb= 9.9931e-01 9.9931e-01 conP= 2.9440e-11 3.1407e-11 |M0|= 4.9969e-02 ELNe= 3.65047e-05 Lex= 0.0499306
T=        0.600000  |dP|max= 1.3591e-09 surb= 9.9931e-01 9.9931e-01 conP= 3.3148e-11 3.5375e-11 |M0|= 4.9969e-02 ELNe= 3.65047e-05 Lex= 0.0499306
T=        0.650000  |dP|max= 1.4307e-09 surb= 9.9931e-01 9.9931e-01 conP= 3.6948e-11 3.9459e-11 |M0|= 4.9969e-02 ELNe= 3.65047e-05 Lex= 0.0499306
T=        0.700000  |dP|max= 1.5482e-09 surb= 9.9931e-01 9.9931e-01 conP= 4.0815e-11 4.3631e-11 |M0|= 4.9969e-02 ELNe= 3.65047e-05 Lex= 0.0499306
T=        0.750000  |dP|max= 1.6518e-09 surb= 9.9931e-01 9.9931e-01 conP= 4.4995e-11 4.8076e-11 |M0|= 4.9969e-02 ELNe= 3.65047e-05 Lex= 0.0499306
T=        0.800000  |dP|max= 1.7441e-09 surb= 9.9931e-01 9.9931e-01 conP= 4.9984e-11 5.3433e-11 |M0|= 4.9969e-02 ELNe= 3.65047e-05 Lex= 0.0499306
T=        0.850000  |dP|max= 1.8188e-09 surb= 9.9931e-01 9.9931e-01 conP= 5.4012e-11 5.7751e-11 |M0|= 4.9969e-02 ELNe= 3.65047e-05 Lex= 0.0499306
T=        0.900000  |dP|max= 1.9440e-09 surb= 9.9931e-01 9.9931e-01 conP= 5.8530e-11 6.2611e-11 |M0|= 4.9969e-02 ELNe= 3.65047e-05 Lex= 0.0499306
T=        0.950000  |dP|max= 2.0899e-09 surb= 9.9931e-01 9.9931e-01 conP= 6.4242e-11 6.8789e-11 |M0|= 4.9969e-02 ELNe= 3.65047e-05 Lex= 0.0499306
T=        1.000000  |dP|max= 2.1526e-09 surb= 9.9931e-01 9.9931e-01 conP= 6.8796e-11 7.3639e-11 |M0|= 4.9969e-02 ELNe= 3.65047e-05 Lex= 0.0499306
20 Walltime:  0.638 secs/T, 21.30 ns per step-grid.
Completed.
Memory usage (MB): 1007.72
[Summ] 4 80 320 136 21.299343
 ** ANAL_EVERY: 1
 ** END_STEP: 20
[ Rank  0 ]  My coor:( 0 0 )  nbX:( 0 0 ) nbZ:( 0 0 )   Box: X ( -4 4 ) 80  Z ( -16 16 ) 320  V: 136 8


OpenACC Enabled.
NuOsc2D with max OpenMP core: 4    GPU: 1

   Domain:  v: nv =   136  nphi =     8  on S2.
            x:(    -4.000000     4.000000 )  dx = 0.1
            z:(   -16.000000    16.000000 )  dz = 0.1
   Local size per field var = 0.03 GB, totol memory per rank roughly 1.38 GB
   dt = 0.05     CFL = 0.5
   Use Periodic boundary
   Use Gauss-Lobatto z-grid and uniform phi-grid.
   Use 3-th order KO dissipation, KO eps = 0.001
   Advection ON. (Center-FD)
   Vacuum term ON:  pmo= 0.1  theta= 0.645772.
   Setting mu = 1.000000
   Setting pmo = 0.000000
   Setting renorm = 0
   Init data: [Point-like pertur] alpha= 0.900000 eps= 0.1 sigma= 5 lnu_z= 0.6 0.53 lnu_x= 1.79769e+308 1.79769e+308
      init number density of nu_e: 0.999306 0.899376
T=        0.000000  |dP|max= 3.3307e-16 surb= 9.9931e-01 9.9931e-01 conP= 7.9794e-17 8.1192e-17 |M0|= 4.9969e-02 ELNe= 3.65047e-05 Lex= 0.0499306
T=        0.050000  |dP|max= 1.5504e-10 surb= 9.9931e-01 9.9931e-01 conP= 2.0689e-12 2.1893e-12 |M0|= 4.9969e-02 ELNe= 3.65047e-05 Lex= 0.0499306
T=        0.100000  |dP|max= 3.0107e-10 surb= 9.9931e-01 9.9931e-01 conP= 4.0176e-12 4.2480e-12 |M0|= 4.9969e-02 ELNe= 3.65047e-05 Lex= 0.0499306
T=        0.150000  |dP|max= 3.2679e-10 surb= 9.9931e-01 9.9931e-01 conP= 6.1081e-12 6.4689e-12 |M0|= 4.9969e-02 ELNe= 3.65047e-05 Lex= 0.0499306
T=        0.200000  |dP|max= 5.5166e-10 surb= 9.9931e-01 9.9931e-01 conP= 8.4658e-12 8.9815e-12 |M0|= 4.9969e-02 ELNe= 3.65047e-05 Lex= 0.0499306
T=        0.250000  |dP|max= 7.5331e-10 surb= 9.9931e-01 9.9931e-01 conP= 1.0960e-11 1.1644e-11 |M0|= 4.9969e-02 ELNe= 3.65047e-05 Lex= 0.0499306
T=        0.300000  |dP|max= 8.0368e-10 surb= 9.9931e-01 9.9931e-01 conP= 1.3639e-11 1.4501e-11 |M0|= 4.9969e-02 ELNe= 3.65047e-05 Lex= 0.0499306
T=        0.350000  |dP|max= 8.7209e-10 surb= 9.9931e-01 9.9931e-01 conP= 1.6448e-11 1.7510e-11 |M0|= 4.9969e-02 ELNe= 3.65047e-05 Lex= 0.0499306
T=        0.400000  |dP|max= 1.0234e-09 surb= 9.9931e-01 9.9931e-01 conP= 1.9442e-11 2.0699e-11 |M0|= 4.9969e-02 ELNe= 3.65047e-05 Lex= 0.0499306
T=        0.450000  |dP|max= 1.0786e-09 surb= 9.9931e-01 9.9931e-01 conP= 2.2730e-11 2.4222e-11 |M0|= 4.9969e-02 ELNe= 3.65047e-05 Lex= 0.0499306
T=        0.500000  |dP|max= 1.1325e-09 surb= 9.9931e-01 9.9931e-01 conP= 2.5875e-11 2.7592e-11 |M0|= 4.9969e-02 ELNe= 3.65047e-05 Lex= 0.0499306
10 Walltime:  0.862 secs/T, 19.41 ns per step-grid.
T=        0.550000  |dP|max= 1.2919e-09 surb= 9.9931e-01 9.9931e-01 conP= 2.9440e-11 3.1407e-11 |M0|= 4.9969e-02 ELNe= 3.65047e-05 Lex= 0.0499306
T=        0.600000  |dP|max= 1.3591e-09 surb= 9.9931e-01 9.9931e-01 conP= 3.3148e-11 3.5375e-11 |M0|= 4.9969e-02 ELNe= 3.65047e-05 Lex= 0.0499306
T=        0.650000  |dP|max= 1.4307e-09 surb= 9.9931e-01 9.9931e-01 conP= 3.6948e-11 3.9459e-11 |M0|= 4.9969e-02 ELNe= 3.65047e-05 Lex= 0.0499306
T=        0.700000  |dP|max= 1.5482e-09 surb= 9.9931e-01 9.9931e-01 conP= 4.0815e-11 4.3631e-11 |M0|= 4.9969e-02 ELNe= 3.65047e-05 Lex= 0.0499306
T=        0.750000  |dP|max= 1.6518e-09 surb= 9.9931e-01 9.9931e-01 conP= 4.4995e-11 4.8076e-11 |M0|= 4.9969e-02 ELNe= 3.65047e-05 Lex= 0.0499306
T=        0.800000  |dP|max= 1.7441e-09 surb= 9.9931e-01 9.9931e-01 conP= 4.9984e-11 5.3433e-11 |M0|= 4.9969e-02 ELNe= 3.65047e-05 Lex= 0.0499306
T=        0.850000  |dP|max= 1.8188e-09 surb= 9.9931e-01 9.9931e-01 conP= 5.4012e-11 5.7751e-11 |M0|= 4.9969e-02 ELNe= 3.65047e-05 Lex= 0.0499306
T=        0.900000  |dP|max= 1.9440e-09 surb= 9.9931e-01 9.9931e-01 conP= 5.8530e-11 6.2611e-11 |M0|= 4.9969e-02 ELNe= 3.65047e-05 Lex= 0.0499306
T=        0.950000  |dP|max= 2.0899e-09 surb= 9.9931e-01 9.9931e-01 conP= 6.4242e-11 6.8789e-11 |M0|= 4.9969e-02 ELNe= 3.65047e-05 Lex= 0.0499306
T=        1.000000  |dP|max= 2.1526e-09 surb= 9.9931e-01 9.9931e-01 conP= 6.8796e-11 7.3639e-11 |M0|= 4.9969e-02 ELNe= 3.65047e-05 Lex= 0.0499306
20 Walltime:  1.150 secs/T, 19.42 ns per step-grid.
Completed.
Memory usage (MB): 1589.57
[Summ] 4 80 320 136 19.416020
--- Walltime: 10 sec.
